Determining if the pthread_create exist failed with the following output:
Change Dir: /home/shawn/catkin_ws/src/lqr/cmake-build-debug/CMakeFiles/CMakeTmp

Run Build Command:"/usr/bin/make" "cmTC_94820/fast"
/usr/bin/make -f CMakeFiles/cmTC_94820.dir/build.make CMakeFiles/cmTC_94820.dir/build
make[1]: Entering directory '/home/shawn/catkin_ws/src/lqr/cmake-build-debug/CMakeFiles/CMakeTmp'
Building C object CMakeFiles/cmTC_94820.dir/CheckSymbolExists.c.o
/usr/bin/cc    -o CMakeFiles/cmTC_94820.dir/CheckSymbolExists.c.o   -c /home/shawn/catkin_ws/src/lqr/cmake-build-debug/CMakeFiles/CMakeTmp/CheckSymbolExists.c
Linking C executable cmTC_94820
/usr/local/clion-2018.3/bin/cmake/linux/bin/cmake -E cmake_link_script CMakeFiles/cmTC_94820.dir/link.txt --verbose=1
/usr/bin/cc      -rdynamic CMakeFiles/cmTC_94820.dir/CheckSymbolExists.c.o  -o cmTC_94820 
CMakeFiles/cmTC_94820.dir/CheckSymbolExists.c.o: In function `main':
CheckSymbolExists.c:(.text+0x16): undefined reference to `pthread_create'
collect2: error: ld returned 1 exit status
CMakeFiles/cmTC_94820.dir/build.make:86: recipe for target 'cmTC_94820' failed
make[1]: *** [cmTC_94820] Error 1
make[1]: Leaving directory '/home/shawn/catkin_ws/src/lqr/cmake-build-debug/CMakeFiles/CMakeTmp'
Makefile:121: recipe for target 'cmTC_94820/fast' failed
make: *** [cmTC_94820/fast] Error 2

File /home/shawn/catkin_ws/src/lqr/cmake-build-debug/CMakeFiles/CMakeTmp/CheckSymbolExists.c:
/* */
#include <pthread.h>

int main(int argc, char** argv)
{
  (void)argv;
#ifndef pthread_create
  return ((int*)(&pthread_create))[argc];
#else
  (void)argc;
  return 0;
#endif
}

Determining if the function pthread_create exists in the pthreads failed with the following output:
Change Dir: /home/shawn/catkin_ws/src/lqr/cmake-build-debug/CMakeFiles/CMakeTmp

Run Build Command:"/usr/bin/make" "cmTC_758a8/fast"
/usr/bin/make -f CMakeFiles/cmTC_758a8.dir/build.make CMakeFiles/cmTC_758a8.dir/build
make[1]: Entering directory '/home/shawn/catkin_ws/src/lqr/cmake-build-debug/CMakeFiles/CMakeTmp'
Building C object CMakeFiles/cmTC_758a8.dir/CheckFunctionExists.c.o
/usr/bin/cc   -DCHECK_FUNCTION_EXISTS=pthread_create   -o CMakeFiles/cmTC_758a8.dir/CheckFunctionExists.c.o   -c /usr/local/clion-2018.3/bin/cmake/linux/share/cmake-3.12/Modules/CheckFunctionExists.c
Linking C executable cmTC_758a8
/usr/local/clion-2018.3/bin/cmake/linux/bin/cmake -E cmake_link_script CMakeFiles/cmTC_758a8.dir/link.txt --verbose=1
/usr/bin/cc  -DCHECK_FUNCTION_EXISTS=pthread_create    -rdynamic CMakeFiles/cmTC_758a8.dir/CheckFunctionExists.c.o  -o cmTC_758a8 -lpthreads 
/usr/bin/ld: cannot find -lpthreads
collect2: error: ld returned 1 exit status
CMakeFiles/cmTC_758a8.dir/build.make:86: recipe for target 'cmTC_758a8' failed
make[1]: *** [cmTC_758a8] Error 1
make[1]: Leaving directory '/home/shawn/catkin_ws/src/lqr/cmake-build-debug/CMakeFiles/CMakeTmp'
Makefile:121: recipe for target 'cmTC_758a8/fast' failed
make: *** [cmTC_758a8/fast] Error 2


